24-10-26.19:16:38.465 [main            ] INFO  Application            - Starting Application using Java 1.8.0_271 on LAPTOP-859PEC9K with PID 18184 (C:\Users\tkj\Desktop\newSpace\s-pay-mall-mvc\s-pay-mall-web\target\classes started by tkj in C:\Users\tkj\Desktop\newSpace\s-pay-mall-mvc)
24-10-26.19:16:38.467 [main            ] INFO  Application            - The following 1 profile is active: "dev"
24-10-26.19:16:39.277 [main            ] INFO  TomcatWebServer        - Tomcat initialized with port(s): 8080 (http)
24-10-26.19:16:39.282 [main            ] INFO  Http11NioProtocol      - Initializing ProtocolHandler ["http-nio-8080"]
24-10-26.19:16:39.283 [main            ] INFO  StandardService        - Starting service [Tomcat]
24-10-26.19:16:39.283 [main            ] INFO  StandardEngine         - Starting Servlet engine: [Apache Tomcat/9.0.75]
24-10-26.19:16:39.397 [main            ] INFO  [/]                    - Initializing Spring embedded WebApplicationContext
24-10-26.19:16:39.397 [main            ] INFO  ServletWebServerApplicationContext - Root WebApplicationContext: initialization completed in 896 ms
24-10-26.19:16:40.977 [main            ] INFO  Http11NioProtocol      - Starting ProtocolHandler ["http-nio-8080"]
24-10-26.19:16:40.989 [main            ] INFO  TomcatWebServer        - Tomcat started on port(s): 8080 (http) with context path ''
24-10-26.19:16:40.996 [main            ] INFO  Application            - Started Application in 2.954 seconds (JVM running for 4.606)
24-10-26.19:16:44.375 [http-nio-8080-exec-1] INFO  [/]                    - Initializing Spring DispatcherServlet 'dispatcherServlet'
24-10-26.19:16:44.375 [http-nio-8080-exec-1] INFO  DispatcherServlet      - Initializing Servlet 'dispatcherServlet'
24-10-26.19:16:44.376 [http-nio-8080-exec-1] INFO  DispatcherServlet      - Completed initialization in 1 ms
24-10-26.19:16:44.445 [http-nio-8080-exec-1] INFO  AliPayController       - 商品下单，创建支付单开始 userId:10001,productId:100001
24-10-26.19:16:44.459 [http-nio-8080-exec-1] INFO  HikariDataSource       - HikariPool-1 - Starting...
24-10-26.19:16:44.802 [http-nio-8080-exec-1] INFO  HikariDataSource       - HikariPool-1 - Start completed.
24-10-26.19:16:44.995 [http-nio-8080-exec-1] INFO  AliPayController       - 商品下单，创建支付单完成 userId:10001,productId:100001,orderId:3629467307354248
24-10-26.19:18:45.049 [SpringApplicationShutdownHook] INFO  HikariDataSource       - HikariPool-1 - Shutdown initiated...
24-10-26.19:18:45.057 [SpringApplicationShutdownHook] INFO  HikariDataSource       - HikariPool-1 - Shutdown completed.
